#
# An unexpected error has been detected by HotSpot Virtual Machine:
#
#  EXCEPTION_ACCESS_VIOLATION (0xc0000005) at pc=0x78e97a85, pid=2392, tid=620
#
# Java VM: Java HotSpot(TM) Client VM (1.5.0_07-b03 mixed mode)
# Problematic frame:
# C  [libmwservices.dll+0x17a85]
#

---------------  T H R E A D  ---------------

Current thread (0x015ac9b8):  JavaThread "main" [_thread_in_native, id=620]

siginfo: ExceptionCode=0xc0000005, reading address 0x00000007

Registers:
EAX=0x017e1b10, EBX=0x78e97a50, ECX=0x1c7a6140, EDX=0x00000003
ESP=0x00ceaac8, EBP=0x00ceaad0, ESI=0x00000008, EDI=0x78fdb910
EIP=0x78e97a85, EFLAGS=0x00010202

Top of Stack: (sp=0x00ceaac8)
0x00ceaac8:   015aca78 1c072c58 1bb5c620 0e663304
0x00ceaad8:   1bb5c620 1a8a10f3 ffffffff 1c072c58
0x00ceaae8:   015aca78 00000000 1bb5c620 015aca78
0x00ceaaf8:   00000000 00ceab24 0e669634 00000000
0x00ceab08:   0e6634ee 1a8a1103 00ceab94 015aca78
0x00ceab18:   00ceab84 03b7bff8 1c072c58 00ceafc8
0x00ceab28:   0e66965b ffffffff 0e665a2b 015aca78
0x00ceab38:   00ceab94 00000001 79f602d0 0e665b3a 

Instructions: (pc=0x78e97a85)
0x78e97a75:   f0 77 02 2b c6 8b 52 04 8b 04 82 8b 0c 88 8b 11
0x78e97a85:   8b 42 04 ff d0 8d 4d 08 51 8b 4f 08 e8 aa fe ff 


Stack: [0x004f0000,0x00cf0000),  sp=0x00ceaac8,  free space=8170k
Native frames: (J=compiled Java code, j=interpreted, Vv=VM code, C=native code)
C  [libmwservices.dll+0x17a85]

Java frames: (J=compiled Java code, j=interpreted, Vv=VM code)
j  com.mathworks.jmi.NativeMatlab.nativeThreadMessage(Ljava/lang/Object;)Ljava/lang/Object;+0
j  com.mathworks.jmi.MatlabLooper.sendThreadMessage(Lcom/mathworks/services/message/MWMessage;)Ljava/lang/Object;+20
j  com.mathworks.jmi.Matlab.mtFeval(Ljava/lang/String;[Ljava/lang/Object;I)Ljava/lang/Object;+57
j  com.mathworks.hg.types.ContextMenuPropertyEditor$GetTagsHandler.run()V+67
j  com.mathworks.hg.types.ContextMenuPropertyEditor.getTags()[Ljava/lang/String;+25
j  com.mathworks.mlwidgets.inspector.PropertyCell.makePropertyCell(Ljavax/swing/JComponent;Lcom/mathworks/mlwidgets/inspector/PropertyTarget;IILcom/mathworks/mlwidgets/inspector/NamedEditor;)Lcom/mathworks/mlwidgets/inspector/PropertyCell;+123
J  com.mathworks.mlwidgets.inspector.PropertyRootNode.buildPropertyList_MatlabThread(Ljavax/swing/JTable;Lcom/mathworks/services/ObjectRegistry;[Ljava/lang/Object;)V
v  ~RuntimeStub::alignment_frame_return Runtime1 stub
j  com.mathworks.mlwidgets.inspector.PropertyRootNode.<init>(Lcom/mathworks/mlwidgets/inspector/PropertyTreeTableModel;Ljavax/swing/JTable;Lcom/mathworks/services/ObjectRegistry;[Ljava/lang/Object;)V+36
j  com.mathworks.mlwidgets.inspector.PropertyTreeTableModel.setObjects_MatlabThread(Ljavax/swing/JTable;[Ljava/lang/Object;)V+73
j  com.mathworks.mlwidgets.inspector.JidePropertyTableModel.setObjects_MatlabThread(Ljavax/swing/JTable;[Ljava/lang/Object;)V+24
j  com.mathworks.mlwidgets.inspector.JidePropertyViewTable.setModelTarget_MatlabThread(Lcom/mathworks/mlwidgets/inspector/JidePropertyViewTable;[Ljava/lang/Object;)V+6
j  com.mathworks.mlwidgets.inspector.JidePropertyViewTable.access$400(Lcom/mathworks/mlwidgets/inspector/JidePropertyViewTable;Lcom/mathworks/mlwidgets/inspector/JidePropertyViewTable;[Ljava/lang/Object;)V+3
j  com.mathworks.mlwidgets.inspector.JidePropertyViewTable$SetObjectWorker.runOnMatlabThread()Ljava/lang/Object;+12
j  com.mathworks.jmi.MatlabWorker$2.run()V+10
j  com.mathworks.jmi.NativeMatlab.dispatchMTRequests(Z)V+120
v  ~StubRoutines::call_stub

---------------  P R O C E S S  ---------------

Java Threads: ( => current thread )
  0x0fb63780 JavaThread "Image Fetcher 3" daemon [_thread_blocked, id=1376]
  0x0fac1df0 JavaThread "Image Fetcher 2" daemon [_thread_blocked, id=1276]
  0x0f964190 JavaThread "Image Fetcher 1" daemon [_thread_blocked, id=560]
  0x0f836e88 JavaThread "Image Fetcher 0" daemon [_thread_blocked, id=1580]
  0x0f9639f8 JavaThread "Thread-102" [_thread_blocked, id=1104]
  0x0e2496f8 JavaThread "Thread-72" [_thread_blocked, id=3140]
  0x0fa2e410 JavaThread "Timer-MWTextView caret" [_thread_blocked, id=1644]
  0x0e2dfe58 JavaThread "Thread-68" [_thread_blocked, id=3492]
  0x0e3e8008 JavaThread "Timer-MWToolTip" [_thread_blocked, id=912]
  0x0f7a2980 JavaThread "Prefs Updater" [_thread_blocked, id=3476]
  0x0e393ab0 JavaThread "Timer-5" [_thread_blocked, id=2416]
  0x0f748480 JavaThread "Thread-35" [_thread_in_native, id=3920]
  0x0e3cfef8 JavaThread "Thread-32" [_thread_blocked, id=1100]
  0x0e2ae9f8 JavaThread "Thread-31" [_thread_blocked, id=3728]
  0x0e255a00 JavaThread "Thread-30" [_thread_blocked, id=1388]
  0x0e255730 JavaThread "Thread-29" [_thread_blocked, id=2664]
  0x0e1f2688 JavaThread "Thread-28" [_thread_blocked, id=2656]
  0x0e21a290 JavaThread "Thread-27" [_thread_blocked, id=2372]
  0x0e1db8b8 JavaThread "Thread-26" [_thread_blocked, id=1500]
  0x0e2a9d58 JavaThread "Thread-25" [_thread_blocked, id=3956]
  0x0e23a168 JavaThread "Thread-24" [_thread_blocked, id=2364]
  0x0e252768 JavaThread "Thread-23" [_thread_blocked, id=1144]
  0x0e2534b0 JavaThread "Thread-22" [_thread_blocked, id=3528]
  0x0e249c30 JavaThread "Thread-21" [_thread_blocked, id=2128]
  0x03b5edf0 JavaThread "Thread-19" [_thread_blocked, id=1128]
  0x0e227510 JavaThread "Thread-18" [_thread_blocked, id=3108]
  0x0e1d44e0 JavaThread "Thread-17" [_thread_blocked, id=1852]
  0x0e24ac40 JavaThread "Thread-15" [_thread_blocked, id=3504]
  0x03b57df8 JavaThread "Thread-14" [_thread_blocked, id=2412]
  0x0e53cd98 JavaThread "Thread-13" [_thread_blocked, id=1508]
  0x0e16e700 JavaThread "Thread-12" [_thread_blocked, id=1912]
  0x0f74fb98 JavaThread "Thread-11" [_thread_blocked, id=2868]
  0x0e53fbf0 JavaThread "Thread-10" [_thread_blocked, id=3452]
  0x0e53fe70 JavaThread "Active Reference Queue Daemon" daemon [_thread_blocked, id=1456]
  0x0e4dbc00 JavaThread "Timer-3" daemon [_thread_blocked, id=3668]
  0x0e3a4778 JavaThread "Timer-2" daemon [_thread_blocked, id=3692]
  0x0e237c40 JavaThread "TimerQueue" daemon [_thread_blocked, id=2068]
  0x0e3f2188 JavaThread "AWT-EventQueue-0" [_thread_blocked, id=2308]
  0x0dfd7998 JavaThread "AWT-Shutdown" [_thread_blocked, id=3508]
  0x03bbfdf8 JavaThread "Java2D Disposer" daemon [_thread_blocked, id=1020]
  0x0e3ba560 JavaThread "Timer-0" [_thread_blocked, id=3300]
  0x0e334008 JavaThread "AWT-Windows" daemon [_thread_in_native, id=3836]
  0x03b88d10 JavaThread "Low Memory Detector" daemon [_thread_blocked, id=3388]
  0x03b87980 JavaThread "CompilerThread0" daemon [_thread_blocked, id=2736]
  0x03b86d88 JavaThread "Signal Dispatcher" daemon [_thread_blocked, id=1012]
  0x03b7ce38 JavaThread "Finalizer" daemon [_thread_blocked, id=4056]
  0x03b7c380 JavaThread "Reference Handler" daemon [_thread_blocked, id=2620]
=>0x015ac9b8 JavaThread "main" [_thread_in_native, id=620]

Other Threads:
  0x03b781f8 VMThread [id=3196]
  0x03b84ab0 WatcherThread [id=3396]

VM state:not at safepoint (normal execution)

VM Mutex/Monitor currently owned by a thread: None

Heap
 def new generation   total 22144K, used 13468K [0x05bc0000, 0x073c0000, 0x073c0000)
  eden space 19712K,  58% used [0x05bc0000, 0x066efe30, 0x06f00000)
  from space 2432K,  82% used [0x07160000, 0x073572f0, 0x073c0000)
  to   space 2432K,   0% used [0x06f00000, 0x06f00000, 0x07160000)
 tenured generation   total 73728K, used 49346K [0x073c0000, 0x0bbc0000, 0x0bbc0000)
   the space 73728K,  66% used [0x073c0000, 0x0a3f0af0, 0x0a3f0c00, 0x0bbc0000)
 compacting perm gen  total 32768K, used 27487K [0x0bbc0000, 0x0dbc0000, 0x0dbc0000)
   the space 32768K,  83% used [0x0bbc0000, 0x0d697fb0, 0x0d698000, 0x0dbc0000)
No shared spaces configured.

Dynamic libraries:
0x00400000 - 0x004ee000 	C:\Program Files\MATLAB\R2007a\bin\win32\MATLAB.exe
0x7c900000 - 0x7c9b0000 	C:\WINDOWS\system32\ntdll.dll
0x7c800000 - 0x7c8f5000 	C:\WINDOWS\system32\kernel32.dll
0x78e80000 - 0x79088000 	C:\Program Files\MATLAB\R2007a\bin\win32\libmwservices.dll
0x7e410000 - 0x7e4a0000 	C:\WINDOWS\system32\USER32.dll
0x77f10000 - 0x77f57000 	C:\WINDOWS\system32\GDI32.dll
0x763b0000 - 0x763f9000 	C:\WINDOWS\system32\comdlg32.dll
0x77f60000 - 0x77fd6000 	C:\WINDOWS\system32\SHLWAPI.dll
0x77dd0000 - 0x77e6b000 	C:\WINDOWS\system32\ADVAPI32.dll
0x77e70000 - 0x77f02000 	C:\WINDOWS\system32\RPCRT4.dll
0x77fe0000 - 0x77ff1000 	C:\WINDOWS\system32\Secur32.dll
0x77c10000 - 0x77c68000 	C:\WINDOWS\system32\msvcrt.dll
0x5d090000 - 0x5d12a000 	C:\WINDOWS\system32\COMCTL32.dll
0x7c9c0000 - 0x7d1d7000 	C:\WINDOWS\system32\SHELL32.dll
0x78530000 - 0x7857c000 	C:\Program Files\MATLAB\R2007a\bin\win32\libmx.dll
0x78200000 - 0x78298000 	C:\Program Files\MATLAB\R2007a\bin\win32\icuuc32.dll
0x10000000 - 0x10006000 	C:\Program Files\MATLAB\R2007a\bin\win32\icudt32.dll
0x78130000 - 0x781cb000 	C:\WINDOWS\WinSxS\x86_Microsoft.VC80.CRT_1fc8b3b9a1e18e3b_8.0.50727.762_x-ww_6b128700\MSVCR80.dll
0x78460000 - 0x7846e000 	C:\Program Files\MATLAB\R2007a\bin\win32\libz.dll
0x78470000 - 0x7852e000 	C:\Program Files\MATLAB\R2007a\bin\win32\libut.dll
0x00280000 - 0x00335000 	C:\Program Files\MATLAB\R2007a\bin\win32\icuin32.dll
0x00350000 - 0x0035c000 	C:\Program Files\MATLAB\R2007a\bin\win32\icuio32.dll
0x7c420000 - 0x7c4a7000 	C:\WINDOWS\WinSxS\x86_Microsoft.VC80.CRT_1fc8b3b9a1e18e3b_8.0.50727.762_x-ww_6b128700\MSVCP80.dll
0x76c90000 - 0x76cb8000 	C:\WINDOWS\system32\imagehlp.dll
0x79730000 - 0x79789000 	C:\Program Files\MATLAB\R2007a\bin\win32\libmwmathutil.dll
0x785b0000 - 0x785c8000 	C:\Program Files\MATLAB\R2007a\bin\win32\mpath.dll
0x5b860000 - 0x5b8b4000 	C:\WINDOWS\system32\NETAPI32.dll
0x71ab0000 - 0x71ac7000 	C:\WINDOWS\system32\WS2_32.dll
0x71aa0000 - 0x71aa8000 	C:\WINDOWS\system32\WS2HELP.dll
0x79540000 - 0x79575000 	C:\Program Files\MATLAB\R2007a\bin\win32\mcr.dll
0x774e0000 - 0x7761d000 	C:\WINDOWS\system32\ole32.dll
0x78580000 - 0x78590000 	C:\Program Files\MATLAB\R2007a\bin\win32\libmex.dll
0x78750000 - 0x7879d000 	C:\Program Files\MATLAB\R2007a\bin\win32\m_dispatcher.dll
0x782a0000 - 0x7845b000 	C:\Program Files\MATLAB\R2007a\bin\win32\xerces-c_2_6.dll
0x78e60000 - 0x78e7c000 	C:\Program Files\MATLAB\R2007a\bin\win32\datasvcs.dll
0x79290000 - 0x79353000 	C:\Program Files\MATLAB\R2007a\bin\win32\libmwgui.dll
0x786c0000 - 0x78749000 	C:\Program Files\MATLAB\R2007a\bin\win32\udd.dll
0x785d0000 - 0x786b5000 	C:\Program Files\MATLAB\R2007a\bin\win32\mcos.dll
0x787a0000 - 0x78c01000 	C:\Program Files\MATLAB\R2007a\bin\win32\m_interpreter.dll
0x79790000 - 0x79799000 	C:\Program Files\MATLAB\R2007a\bin\win32\libmwmathrng.dll
0x78e20000 - 0x78e31000 	C:\Program Files\MATLAB\R2007a\bin\win32\m_pcodeio.dll
0x00d30000 - 0x00d3a000 	C:\Program Files\MATLAB\R2007a\bin\win32\mtok.dll
0x78c10000 - 0x78db7000 	C:\Program Files\MATLAB\R2007a\bin\win32\m_parser.dll
0x78dc0000 - 0x78df1000 	C:\Program Files\MATLAB\R2007a\bin\win32\m_ir.dll
0x78e40000 - 0x78e4c000 	C:\Program Files\MATLAB\R2007a\bin\win32\ir_xfmr.dll
0x00d80000 - 0x00db0000 	C:\Program Files\MATLAB\R2007a\bin\win32\profiler.dll
0x78590000 - 0x785ac000 	C:\Program Files\MATLAB\R2007a\bin\win32\libmat.dll
0x00dd0000 - 0x00e98000 	C:\Program Files\MATLAB\R2007a\bin\win32\libhdf5.dll
0x78e00000 - 0x78e15000 	C:\Program Files\MATLAB\R2007a\bin\win32\m_pcodegen.dll
0x7a020000 - 0x7a038000 	C:\Program Files\MATLAB\R2007a\bin\win32\bridge.dll
0x00ec0000 - 0x00ecf000 	C:\Program Files\MATLAB\R2007a\bin\win32\iqm.dll
0x79f80000 - 0x79fca000 	C:\Program Files\MATLAB\R2007a\bin\win32\comcli.dll
0x77120000 - 0x771ab000 	C:\WINDOWS\system32\OLEAUT32.dll
0x79f40000 - 0x79f77000 	C:\Program Files\MATLAB\R2007a\bin\win32\jmi.dll
0x71ad0000 - 0x71ad9000 	C:\WINDOWS\system32\WSOCK32.dll
0x791b0000 - 0x79231000 	C:\Program Files\MATLAB\R2007a\bin\win32\uiw.dll
0x79240000 - 0x79273000 	C:\Program Files\MATLAB\R2007a\bin\win32\libuij.dll
0x79510000 - 0x7953c000 	C:\Program Files\MATLAB\R2007a\bin\win32\libmwhardcopy.dll
0x79280000 - 0x79289000 	C:\Program Files\MATLAB\R2007a\bin\win32\uinone.dll
0x00f40000 - 0x0104d000 	C:\WINDOWS\WinSxS\x86_Microsoft.VC80.MFC_1fc8b3b9a1e18e3b_8.0.50727.42_x-ww_dec6ddd2\MFC80.DLL
0x73000000 - 0x73026000 	C:\WINDOWS\system32\WINSPOOL.DRV
0x7c630000 - 0x7c64b000 	C:\WINDOWS\WinSxS\x86_Microsoft.VC80.ATL_1fc8b3b9a1e18e3b_8.0.50727.762_x-ww_cbb27474\ATL80.DLL
0x79ec0000 - 0x79ed4000 	C:\Program Files\MATLAB\R2007a\bin\win32\mwoles05.DLL
0x79ee0000 - 0x79f3b000 	C:\Program Files\MATLAB\R2007a\bin\win32\udd_mi.dll
0x79fd0000 - 0x79fdb000 	C:\Program Files\MATLAB\R2007a\bin\win32\mlautoregister.dll
0x79360000 - 0x794c3000 	C:\Program Files\MATLAB\R2007a\bin\win32\hg.dll
0x79580000 - 0x79725000 	C:\Program Files\MATLAB\R2007a\bin\win32\numerics.dll
0x79dd0000 - 0x79dd7000 	C:\Program Files\MATLAB\R2007a\bin\win32\libmwamd.dll
0x79de0000 - 0x79e38000 	C:\Program Files\MATLAB\R2007a\bin\win32\libmwcholmod.dll
0x79e40000 - 0x79e47000 	C:\Program Files\MATLAB\R2007a\bin\win32\libmwcolamd.dll
0x797a0000 - 0x797c3000 	C:\Program Files\MATLAB\R2007a\bin\win32\libmwlapack.dll
0x79810000 - 0x79897000 	C:\Program Files\MATLAB\R2007a\bin\win32\libfftw3.dll
0x798a0000 - 0x7993b000 	C:\Program Files\MATLAB\R2007a\bin\win32\libfftw3f.dll
0x79e50000 - 0x79ebc000 	C:\Program Files\MATLAB\R2007a\bin\win32\libmwumfpack.dll
0x76390000 - 0x763ad000 	C:\WINDOWS\system32\IMM32.DLL
0x773d0000 - 0x774d3000 	C:\WINDOWS\WinSxS\x86_Microsoft.Windows.Common-Controls_6595b64144ccf1df_6.0.2600.2982_x-ww_ac3f9c03\comctl32.dll
0x5d360000 - 0x5d36e000 	C:\WINDOWS\WinSxS\x86_Microsoft.VC80.MFCLOC_1fc8b3b9a1e18e3b_8.0.50727.42_x-ww_3415f6d0\MFC80ENU.DLL
0x7bdf0000 - 0x7be25000 	C:\Program Files\MATLAB\R2007a\bin\win32\libguide40.dll
0x797d0000 - 0x797f8000 	C:\Program Files\MATLAB\R2007a\bin\win32\mkl.dll
0x79800000 - 0x79805000 	C:\Program Files\MATLAB\R2007a\bin\win32\mklcompat.dll
0x79940000 - 0x79dc3000 	C:\Program Files\MATLAB\R2007a\bin\win32\mllapack.dll
0x02450000 - 0x024fa000 	C:\Program Files\MATLAB\R2007a\bin\win32\libifcoremd.dll
0x02500000 - 0x02730000 	C:\Program Files\MATLAB\R2007a\bin\win32\libmmd.dll
0x5ad70000 - 0x5ada8000 	C:\WINDOWS\system32\uxtheme.dll
0x74720000 - 0x7476b000 	C:\WINDOWS\system32\MSCTF.dll
0x755c0000 - 0x755ee000 	C:\WINDOWS\system32\msctfime.ime
0x74290000 - 0x74294000 	C:\WINDOWS\system32\icmp.Dll
0x76d60000 - 0x76d79000 	C:\WINDOWS\system32\iphlpapi.dll
0x6d6c0000 - 0x6d857000 	C:\Program Files\MATLAB\R2007a\sys\java\jre\win32\jre1.5.0_07\bin\client\jvm.dll
0x76b40000 - 0x76b6d000 	C:\WINDOWS\system32\WINMM.dll
0x6d280000 - 0x6d288000 	C:\Program Files\MATLAB\R2007a\sys\java\jre\win32\jre1.5.0_07\bin\hpi.dll
0x76bf0000 - 0x76bfb000 	C:\WINDOWS\system32\PSAPI.DLL
0x6d690000 - 0x6d69c000 	C:\Program Files\MATLAB\R2007a\sys\java\jre\win32\jre1.5.0_07\bin\verify.dll
0x6d300000 - 0x6d31d000 	C:\Program Files\MATLAB\R2007a\sys\java\jre\win32\jre1.5.0_07\bin\java.dll
0x6d6b0000 - 0x6d6bf000 	C:\Program Files\MATLAB\R2007a\sys\java\jre\win32\jre1.5.0_07\bin\zip.dll
0x6d000000 - 0x6d167000 	C:\Program Files\MATLAB\R2007a\sys\java\jre\win32\jre1.5.0_07\bin\awt.dll
0x7b330000 - 0x7b342000 	C:\Program Files\MATLAB\R2007a\bin\win32\nativejava.dll
0x0e660000 - 0x0e673000 	C:\Program Files\MATLAB\R2007a\bin\win32\nativejmi.dll
0x0e710000 - 0x0e716000 	C:\Program Files\MATLAB\R2007a\bin\win32\nativeservices.dll
0x6d240000 - 0x6d27f000 	C:\Program Files\MATLAB\R2007a\sys\java\jre\win32\jre1.5.0_07\bin\fontmanager.dll
0x6d4c0000 - 0x6d4d3000 	C:\Program Files\MATLAB\R2007a\sys\java\jre\win32\jre1.5.0_07\bin\net.dll
0x6d4e0000 - 0x6d4e9000 	C:\Program Files\MATLAB\R2007a\sys\java\jre\win32\jre1.5.0_07\bin\nio.dll
0x0e9b0000 - 0x0e9b7000 	C:\Program Files\MATLAB\R2007a\bin\win32\nativemlint.dll
0x0e9d0000 - 0x0ea04000 	C:\Program Files\MATLAB\R2007a\bin\win32\mlint.dll
0x7b350000 - 0x7b356000 	C:\Program Files\MATLAB\R2007a\bin\win32\nativelex.dll
0x0eab0000 - 0x0eabc000 	C:\Program Files\MATLAB\R2007a\bin\win32\nativecmdwin.dll
0x0eca0000 - 0x0ed9f000 	C:\Program Files\MATLAB\R2007a\sys\webrenderer\windows\webrenderer.dll
0x42c10000 - 0x42cdf000 	C:\WINDOWS\system32\WININET.dll
0x0ead0000 - 0x0ead9000 	C:\WINDOWS\system32\Normaliz.dll
0x42990000 - 0x429d5000 	C:\WINDOWS\system32\iertutil.dll
0x42cf0000 - 0x42e17000 	C:\WINDOWS\system32\urlmon.dll
0x6d360000 - 0x6d366000 	C:\Program Files\MATLAB\R2007a\sys\java\jre\win32\jre1.5.0_07\bin\jawt.dll
0x7bb80000 - 0x7bbf5000 	C:\Program Files\MATLAB\R2007a\sys\webrenderer\windows\corecomponents\mozctlplugin.dll
0x7bd10000 - 0x7bd96000 	C:\Program Files\MATLAB\R2007a\sys\webrenderer\windows\corecomponents\wr_xpcom.dll
0x7bcc0000 - 0x7bced000 	C:\Program Files\MATLAB\R2007a\sys\webrenderer\windows\corecomponents\wr_nspr4.dll
0x7c340000 - 0x7c396000 	C:\Program Files\MATLAB\R2007a\bin\win32\MSVCR71.dll
0x7bcf0000 - 0x7bcf8000 	C:\Program Files\MATLAB\R2007a\sys\webrenderer\windows\corecomponents\wr_plc4.dll
0x7bd00000 - 0x7bd07000 	C:\Program Files\MATLAB\R2007a\sys\webrenderer\windows\corecomponents\wr_plds4.dll
0x7c3a0000 - 0x7c41b000 	C:\Program Files\MATLAB\R2007a\bin\win32\MSVCP71.dll
0x6d1c0000 - 0x6d1e3000 	C:\Program Files\MATLAB\R2007a\sys\java\jre\win32\jre1.5.0_07\bin\dcpr.dll
0x76fd0000 - 0x7704f000 	C:\WINDOWS\system32\CLBCATQ.DLL
0x77050000 - 0x77115000 	C:\WINDOWS\system32\COMRes.dll
0x77c00000 - 0x77c08000 	C:\WINDOWS\system32\VERSION.dll
0x77920000 - 0x77a13000 	C:\WINDOWS\system32\SETUPAPI.dll
0x7b420000 - 0x7b44f000 	C:\Program Files\MATLAB\R2007a\sys\webrenderer\windows\corecomponents\components\wr_embedcomponents.dll
0x7bc20000 - 0x7bc3c000 	C:\Program Files\MATLAB\R2007a\sys\webrenderer\windows\corecomponents\wr_gkgfx.dll
0x7bc40000 - 0x7bcb7000 	C:\Program Files\MATLAB\R2007a\sys\webrenderer\windows\corecomponents\wr_js3250.dll
0x77b40000 - 0x77b62000 	C:\WINDOWS\system32\appHelp.dll

VM Arguments:
jvm_args: -Xss512k -XX:PermSize=32M -Xms64m -XX:NewRatio=3 -XX:MaxPermSize=32M -Xmx96m -Dsun.java2d.noddraw=true -Dsun.awt.nopixfmt=true -Xshare:off -Djava.library.path=C:\Program Files\MATLAB\R2007a\bin\win32 vfprintf abort
java_command: <unknown>
Launcher Type: generic

Environment Variables:
CLASSPATH=C:\Program Files\Java\jre1.5.0_06\lib\ext\QTJava.zip
PATH=C:\Program Files\MATLAB\R2007a\sys\java\jre\win32\jre1.5.0_07\bin;C:\Program Files\MATLAB\R2007a\sys\webrenderer\windows\corecomponents;C:\Program Files\MATLAB\R2007a\sys\webrenderer\windows;C:\WINDOWS\system32;C:\WINDOWS;C:\WINDOWS\system32\wbem;c:\program files\common files\adaptec shared\system;c:\program files\sonic\mydvd;C:\Program Files\MATLAB\R2007a\bin;C:\Program Files\MATLAB\R2007a\bin\win32;c:\matlab6p5\bin\win32;c:\program files\quicktime\qtsystem\;c:\program files\subversion\bin;C:\Program Files\Eyelink\Eyelink\LIBS;C:\Program Files\Eyelink\Eyelink\EDF_Access_API\lib\win32;C:\Program Files\Eyelink\Eyelink\EDF_Access_API\Example;C:\Borland\BCC55\Include\Rw;C:\Borland\BCC55\Include;C:\Borland\BCC55\Include\Sys;C:\Borland\BCC55\Include\Gl;C:\Borland\BCC55\Bin;C:\Borland\BCC55\Lib;C:\Borland\BCC55\Lib\PSDK;C:\Program Files\SSH Communications Security\SSH Secure Shell;C:\Borland\BCC55\Bin;C:\Borland\BCC55\Include;C:\Borland\BCC55\Include\Sys;C:\Borland\BCC55\Include\Gl;C:\Borland\BCC55\Include\Rw;C:\Borland\BCC55\Lib;C:\Borland\BCC55\Lib\PSDK
USERNAME=CKovach
OS=Windows_NT
PROCESSOR_IDENTIFIER=x86 Family 15 Model 2 Stepping 7, GenuineIntel



---------------  S Y S T E M  ---------------

OS: Windows XP Build 2600 Service Pack 2

CPU:total 1 family 15, cmov, cx8, fxsr, mmx, sse, sse2, ht

Memory: 4k page, physical 785640k(183820k free), swap 1919172k(1186164k free)

vm_info: Java HotSpot(TM) Client VM (1.5.0_07-b03) for windows-x86, built on May  3 2006 01:04:38 by "java_re" with MS VC++ 6.0

